\BOOKMARK [1][-]{section.1}{Introduction}{}% 1
\BOOKMARK [1][-]{section.2}{Hello, World!}{}% 2
\BOOKMARK [1][-]{section.3}{Variables}{}% 3
\BOOKMARK [2][-]{subsection.3.1}{Integers}{section.3}% 4
\BOOKMARK [2][-]{subsection.3.2}{Strings}{section.3}% 5
\BOOKMARK [2][-]{subsection.3.3}{Arrays}{section.3}% 6
\BOOKMARK [2][-]{subsection.3.4}{Dictionaries}{section.3}% 7
\BOOKMARK [2][-]{subsection.3.5}{Printing Challenge}{section.3}% 8
\BOOKMARK [1][-]{section.4}{Loops}{}% 9
\BOOKMARK [1][-]{section.5}{Functions}{}% 10
\BOOKMARK [2][-]{subsection.5.1}{Functions Challenge}{section.5}% 11
\BOOKMARK [1][-]{section.6}{Activities}{}% 12
\BOOKMARK [2][-]{subsection.6.1}{Quadratic Equation Solver}{section.6}% 13
\BOOKMARK [2][-]{subsection.6.2}{Number Guessing Game}{section.6}% 14
\BOOKMARK [2][-]{subsection.6.3}{Random Word Picker}{section.6}% 15
\BOOKMARK [2][-]{subsection.6.4}{Hello, World! in PyGame}{section.6}% 16
\BOOKMARK [2][-]{subsection.6.5}{Snake in PyGame}{section.6}% 17
\BOOKMARK [1][-]{section.7}{Challenge Solutions}{}% 18
\BOOKMARK [2][-]{subsection.7.1}{Printing Challenge}{section.7}% 19
\BOOKMARK [2][-]{subsection.7.2}{Functions Challenge}{section.7}% 20
